[18:23:39] Gateway escuchando en 0.0.0.0:56768 (backend real en 127.0.0.1:25565)
[18:24:53] Conexión de ('192.168.0.22', 51508). next_state=1.
[18:25:03] Intento de login detectado. Disparando wake si hace falta.
[18:25:03] Levantando Crafty Controller...
[18:25:05] Crafty está up.
[18:25:05] Start MC solicitado -> 200
[18:25:05] Esperando a que el server de Minecraft responda...
[18:25:14] Server de Minecraft arriba. A partir de ahora, proxy transparente.
[18:25:44] Jugadores online: 0. Inactivo hace 30s / 150s.
[18:26:14] Jugadores online: 0. Inactivo hace 60s / 150s.
[18:26:44] Jugadores online: 0. Inactivo hace 90s / 150s.
[18:27:14] Jugadores online: 0. Inactivo hace 120s / 150s.
[18:27:44] Jugadores online: 0. Inactivo hace 150s / 150s.
[18:27:44] 10 min sin jugadores. Apagando server de Minecraft.
[18:27:44] Stop MC solicitado -> 200
[18:27:44] Esperando 300s más por si alguien reconecta antes de apagar Crafty...
[18:32:44] Apagando Crafty (pid 6166)...
[18:32:44] Ciclo completo. Volviendo a esperar conexiones.
[18:33:05] Ctrl+C detectado. Cerrando prolijamente...
[18:33:05] Todo ok. Cerrando.
[18:37:00] Gateway escuchando en 0.0.0.0:56768 (backend real en 127.0.0.1:25565)
[18:40:46] Ctrl+C detectado. Cerrando prolijamente...
[18:40:46] Todo ok. Cerrando.
[18:48:52] Gateway escuchando en 0.0.0.0:56768 (backend real en 127.0.0.1:25565)
[18:49:37] Conexión de ('192.168.0.22', 49062). next_state=1.
[18:50:00] Ctrl+C detectado. Cerrando prolijamente...
[18:50:00] Todo ok. Cerrando.
[18:50:01] Gateway escuchando en 0.0.0.0:56768 (backend real en 127.0.0.1:25565)
[18:50:07] Conexión de ('192.168.0.22', 35040). next_state=1.
[18:50:09] Intento de login detectado. Disparando wake si hace falta.
[18:50:09] Levantando Crafty Controller...
[18:50:11] Crafty está up.
[18:50:11] Start MC solicitado -> 200
[18:50:11] Esperando a que el server de Minecraft responda...
[18:50:20] Server de Minecraft arriba. A partir de ahora, proxy transparente.
[18:50:50] Jugadores online: 1.
[18:51:20] Jugadores online: 1.
[18:51:22] IP 192.168.0.22: 8 intentos en los últimos 60s (resumen antes de resetear).
[18:51:22] Conexión de ('192.168.0.22', 33194). -> proxy directo al backend.
[18:51:50] Jugadores online: 0. Inactivo hace 30s / 150s.
[18:52:20] Jugadores online: 0. Inactivo hace 60s / 150s.
[18:52:50] Jugadores online: 0. Inactivo hace 90s / 150s.
[23:04:38] SIGHUP recibido: config hotswap recargada -> IDLE_LIMIT=999s, CRAFTY_IDLE=300s, CHECK_INTERVAL=20s, CRAFTY_LOG_LEVEL=WARNING
[23:04:38] Hot-reload requires config.toml. Migrate your configuration to enable this feature (fallback to env-vars does not support hotswap).
[23:04:38] Crafty ya estaba corriendo.
[23:04:38] Esperando a que el server de Minecraft responda...
[23:04:38] Server de Minecraft arriba. A partir de ahora, proxy transparente.
[23:04:38] Jugadores online: 0. Inactivo hace 1s / 2s.
[23:04:38] Jugadores online: 0. Inactivo hace 2s / 2s.
[23:04:38] Server inactivo. Apagando server de Minecraft.
[23:04:38] Esperando 1s más por si alguien reconecta antes de apagar Crafty...
[23:04:38] Ciclo completo. Volviendo a esperar conexiones.
[23:06:41] SIGHUP recibido: config hotswap recargada -> IDLE_LIMIT=999s, CRAFTY_IDLE=300s, CHECK_INTERVAL=20s, CRAFTY_LOG_LEVEL=WARNING
[23:06:41] Hot-reload requires config.toml. Migrate your configuration to enable this feature (fallback to env-vars does not support hotswap).
[23:06:41] Crafty ya estaba corriendo.
[23:06:41] Esperando a que el server de Minecraft responda...
[23:06:41] Server de Minecraft arriba. A partir de ahora, proxy transparente.
[23:06:41] Jugadores online: 0. Inactivo hace 1s / 2s.
[23:06:41] Jugadores online: 0. Inactivo hace 2s / 2s.
[23:06:41] Server inactivo. Apagando server de Minecraft.
[23:06:41] Esperando 1s más por si alguien reconecta antes de apagar Crafty...
[23:06:41] Ciclo completo. Volviendo a esperar conexiones.
[23:07:07] SIGHUP recibido: config hotswap recargada -> IDLE_LIMIT=999s, CRAFTY_IDLE=300s, CHECK_INTERVAL=20s, CRAFTY_LOG_LEVEL=WARNING
[23:07:07] Hot-reload requires config.toml. Migrate your configuration to enable this feature (fallback to env-vars does not support hotswap).
[23:07:07] Crafty ya estaba corriendo.
[23:07:07] Esperando a que el server de Minecraft responda...
[23:07:07] Server de Minecraft arriba. A partir de ahora, proxy transparente.
[23:07:07] Jugadores online: 0. Inactivo hace 1s / 2s.
[23:07:07] Jugadores online: 0. Inactivo hace 2s / 2s.
[23:07:07] Server inactivo. Apagando server de Minecraft.
[23:07:07] Esperando 1s más por si alguien reconecta antes de apagar Crafty...
[23:07:07] Ciclo completo. Volviendo a esperar conexiones.
[23:07:45] SIGHUP recibido: config hotswap recargada -> IDLE_LIMIT=999s, CRAFTY_IDLE=300s, CHECK_INTERVAL=20s, CRAFTY_LOG_LEVEL=WARNING
[23:07:45] Hot-reload requires a TOML config file (config.toml). Migrate your configuration to enable this feature (fallback to env-vars does not support hotswap).
[23:07:45] Crafty ya estaba corriendo.
[23:07:45] Esperando a que el server de Minecraft responda...
[23:07:45] Server de Minecraft arriba. A partir de ahora, proxy transparente.
[23:07:45] Jugadores online: 0. Inactivo hace 1s / 2s.
[23:07:45] Jugadores online: 0. Inactivo hace 2s / 2s.
[23:07:45] Server inactivo. Apagando server de Minecraft.
[23:07:45] Esperando 1s más por si alguien reconecta antes de apagar Crafty...
[23:07:45] Ciclo completo. Volviendo a esperar conexiones.
[23:08:58] SIGHUP recibido: config hotswap recargada -> IDLE_LIMIT=999s, CRAFTY_IDLE=300s, CHECK_INTERVAL=20s, CRAFTY_LOG_LEVEL=WARNING
[23:08:58] Hot-reload requires a TOML config file (config.toml). Migrate your configuration to enable this feature (fallback to env-vars does not support hotswap).
[23:08:58] Crafty ya estaba corriendo.
[23:08:58] Esperando a que el server de Minecraft responda...
[23:08:58] Server de Minecraft arriba. A partir de ahora, proxy transparente.
[23:08:58] Jugadores online: 0. Inactivo hace 1s / 2s.
[23:08:58] Jugadores online: 0. Inactivo hace 2s / 2s.
[23:08:58] Server inactivo. Apagando server de Minecraft.
[23:08:58] Esperando 1s más por si alguien reconecta antes de apagar Crafty...
[23:08:58] Ciclo completo. Volviendo a esperar conexiones.
